sdksimple/support7Demos/build/outputs/logs/manifest-merger-debug-report.txt
-- Merging decision tree log ---
manifest
ADDED from src\main\AndroidManifest.xml:22:1-507:12
	package
		ADDED from src\main\AndroidManifest.xml:23:5-44
		INJECTED from src\main\AndroidManifest.xml
		INJECTED from src\main\AndroidManifest.xml
	xmlns:android
		ADDED from src\main\AndroidManifest.xml:22:11-69
uses-permission#android.permission.INTERNET
ADDED from src\main\AndroidManifest.xml:26:5-67
	android:name
		ADDED from src\main\AndroidManifest.xml:26:22-64
uses-permission#android.permission.SYSTEM_ALERT_WINDOW
ADDED from src\main\AndroidManifest.xml:29:5-78
	android:name
		ADDED from src\main\AndroidManifest.xml:29:22-75
uses-permission#android.permission.READ_EXTERNAL_STORAGE
ADDED from src\main\AndroidManifest.xml:32:5-80
	android:name
		ADDED from src\main\AndroidManifest.xml:32:22-77
uses-permission#android.permission.ACCESS_COARSE_LOCATION
ADDED from src\main\AndroidManifest.xml:35:5-81
	android:name
		ADDED from src\main\AndroidManifest.xml:35:22-78
uses-sdk
ADDED from src\main\AndroidManifest.xml:37:5-73
MERGED from [com.android.support:cardview-v7:23.1.1] AndroidManifest.xml:20:5-43
MERGED from [com.android.support:mediarouter-v7:23.1.1] AndroidManifest.xml:20:5-43
MERGED from [com.android.support:appcompat-v7:23.2.1] AndroidManifest.xml:21:5-23:78
MERGED from [com.android.support:support-v4:23.2.1] AndroidManifest.xml:20:5-43
MERGED from [com.android.support:animated-vector-drawable:23.2.1] AndroidManifest.xml:5:5-44
MERGED from [com.android.support:support-vector-drawable:23.2.1] AndroidManifest.xml:5:5-43
MERGED from [com.android.support:palette-v7:23.1.1] AndroidManifest.xml:20:5-43
MERGED from [com.android.support:gridlayout-v7:23.1.1] AndroidManifest.xml:20:5-43
MERGED from [com.android.support:design:23.2.1] AndroidManifest.xml:20:5-43
MERGED from [com.android.support:recyclerview-v7:23.2.1] AndroidManifest.xml:20:5-43
	tools:overrideLibrary
		ADDED from [com.android.support:appcompat-v7:23.2.1] AndroidManifest.xml:23:9-75
	android:targetSdkVersion
		ADDED from src\main\AndroidManifest.xml:37:41-70
		INJECTED from src\main\AndroidManifest.xml
		INJECTED from src\main\AndroidManifest.xml
	android:minSdkVersion
		ADDED from src\main\AndroidManifest.xml:37:15-40
		INJECTED from src\main\AndroidManifest.xml
		INJECTED from src\main\AndroidManifest.xml
supports-screens
ADDED from src\main\AndroidManifest.xml:43:5-44:52
	android:compatibleWidthLimitDp
		ADDED from src\main\AndroidManifest.xml:44:13-49
	android:requiresSmallestWidthDp
		ADDED from src\main\AndroidManifest.xml:43:23-60
application
ADDED from src\main\AndroidManifest.xml:46:5-504:19
MERGED from [com.android.support:cardview-v7:23.1.1] AndroidManifest.xml:22:5-20
MERGED from [com.android.support:mediarouter-v7:23.1.1] AndroidManifest.xml:22:5-20
MERGED from [com.android.support:appcompat-v7:23.2.1] AndroidManifest.xml:25:5-20
MERGED from [com.android.support:support-v4:23.2.1] AndroidManifest.xml:22:5-20
MERGED from [com.android.support:animated-vector-drawable:23.2.1] AndroidManifest.xml:7:5-20
MERGED from [com.android.support:support-vector-drawable:23.2.1] AndroidManifest.xml:7:5-20
MERGED from [com.android.support:palette-v7:23.1.1] AndroidManifest.xml:22:5-23:19
MERGED from [com.android.support:gridlayout-v7:23.1.1] AndroidManifest.xml:22:5-20
MERGED from [com.android.support:design:23.2.1] AndroidManifest.xml:22:5-20
	android:label
		ADDED from src\main\AndroidManifest.xml:46:18-62
	android:supportsRtl
		ADDED from src\main\AndroidManifest.xml:47:13-39
	android:hardwareAccelerated
		ADDED from src\main\AndroidManifest.xml:49:13-47
	android:icon
		ADDED from src\main\AndroidManifest.xml:48:13-53
activity#com.example.android.supportv7.Support7Demos
ADDED from src\main\AndroidManifest.xml:51:9-57:20
	android:name
		ADDED from src\main\AndroidManifest.xml:51:19-47
intent-filter#android.intent.action.MAIN+android.intent.category.DEFAULT+android.intent.category.LAUNCHER
ADDED from src\main\AndroidManifest.xml:52:13-56:29
action#android.intent.action.MAIN
ADDED from src\main\AndroidManifest.xml:53:17-69
	android:name
		ADDED from src\main\AndroidManifest.xml:53:25-66
category#android.intent.category.DEFAULT
ADDED from src\main\AndroidManifest.xml:54:17-76
	android:name
		ADDED from src\main\AndroidManifest.xml:54:27-73
category#android.intent.category.LAUNCHER
ADDED from src\main\AndroidManifest.xml:55:17-77
	android:name
		ADDED from src\main\AndroidManifest.xml:55:27-74
receiver#com.example.android.supportv7.media.SampleMediaButtonReceiver
ADDED from src\main\AndroidManifest.xml:58:9-62:20
	android:name
		ADDED from src\main\AndroidManifest.xml:58:19-95
intent-filter#android.intent.action.MEDIA_BUTTON
ADDED from src\main\AndroidManifest.xml:59:13-61:29
action#android.intent.action.MEDIA_BUTTON
ADDED from src\main\AndroidManifest.xml:60:17-77
	android:name
		ADDED from src\main\AndroidManifest.xml:60:25-74
activity#com.example.android.supportv7.media.SampleMediaRouterActivity
ADDED from src\main\AndroidManifest.xml:65:9-73:20
	android:label
		ADDED from src\main\AndroidManifest.xml:67:17-74
	android:configChanges
		ADDED from src\main\AndroidManifest.xml:66:17-63
	android:theme
		ADDED from src\main\AndroidManifest.xml:68:17-63
	android:name
		ADDED from src\main\AndroidManifest.xml:65:19-66
intent-filter#android.intent.action.MAIN+com.example.android.supportv7.SAMPLE_CODE
ADDED from src\main\AndroidManifest.xml:69:13-72:29
category#com.example.android.supportv7.SAMPLE_CODE
ADDED from src\main\AndroidManifest.xml:71:17-86
	android:name
		ADDED from src\main\AndroidManifest.xml:71:27-83
activity#com.example.android.supportv7.media.SampleMediaRouterActivity$Light
ADDED from src\main\AndroidManifest.xml:75:9-83:20
	android:label
		ADDED from src\main\AndroidManifest.xml:77:17-75
	android:configChanges
		ADDED from src\main\AndroidManifest.xml:76:17-63
	android:theme
		ADDED from src\main\AndroidManifest.xml:78:17-69
	android:name
		ADDED from src\main\AndroidManifest.xml:75:19-72
activity#com.example.android.supportv7.media.SampleMediaRouterActivity$LightWithDarkActionBar
ADDED from src\main\AndroidManifest.xml:85:9-93:20
	android:label
		ADDED from src\main\AndroidManifest.xml:87:17-96
	android:configChanges
		ADDED from src\main\AndroidManifest.xml:86:17-63
	android:theme
		ADDED from src\main\AndroidManifest.xml:88:17-83
	android:name
		ADDED from src\main\AndroidManifest.xml:85:19-89
activity#com.example.android.supportv7.media.SampleMediaRouteSettingsActivity
ADDED from src\main\AndroidManifest.xml:95:9-101:20
	android:label
		ADDED from src\main\AndroidManifest.xml:96:17-77
	android:theme
		ADDED from src\main\AndroidManifest.xml:97:17-61
	android:name
		ADDED from src\main\AndroidManifest.xml:95:19-73
intent-filter#android.intent.action.MAIN
ADDED from src\main\AndroidManifest.xml:98:13-100:29
service#com.example.android.supportv7.media.SampleMediaRouteProviderService
ADDED from src\main\AndroidManifest.xml:103:9-109:19
	android:process
		ADDED from src\main\AndroidManifest.xml:105:17-39
	android:label
		ADDED from src\main\AndroidManifest.xml:104:17-76
	android:name
		ADDED from src\main\AndroidManifest.xml:103:18-71
intent-filter#android.media.MediaRouteProviderService
ADDED from src\main\AndroidManifest.xml:106:13-108:29
action#android.media.MediaRouteProviderService
ADDED from src\main\AndroidManifest.xml:107:17-82
	android:name
		ADDED from src\main\AndroidManifest.xml:107:25-79
activity#com.example.android.supportv7.view.GridLayout1
ADDED from src\main\AndroidManifest.xml:113:9-119:20
	android:label
		ADDED from src\main\AndroidManifest.xml:114:17-54
	android:name
		ADDED from src\main\AndroidManifest.xml:113:19-51
activity#com.example.android.supportv7.view.GridLayout2
ADDED from src\main\AndroidManifest.xml:121:9-127:20
	android:label
		ADDED from src\main\AndroidManifest.xml:122:17-54
	android:name
		ADDED from src\main\AndroidManifest.xml:121:19-51
activity#com.example.android.supportv7.view.GridLayout3
ADDED from src\main\AndroidManifest.xml:129:9-135:20
	android:label
		ADDED from src\main\AndroidManifest.xml:130:17-54
	android:name
		ADDED from src\main\AndroidManifest.xml:129:19-51
activity#com.example.android.supportv7.app.ActionBarMechanics
ADDED from src\main\AndroidManifest.xml:138:9-145:20
	android:label
		ADDED from src\main\AndroidManifest.xml:139:17-61
	android:theme
		ADDED from src\main\AndroidManifest.xml:140:17-55
	android:name
		ADDED from src\main\AndroidManifest.xml:138:19-57
activity#com.example.android.supportv7.app.SearchActivity
ADDED from src\main\AndroidManifest.xml:147:9-155:20
	android:name
		ADDED from src\main\AndroidManifest.xml:147:19-53
intent-filter#android.intent.action.SEARCH
ADDED from src\main\AndroidManifest.xml:148:13-150:29
action#android.intent.action.SEARCH
ADDED from src\main\AndroidManifest.xml:149:17-71
	android:name
		ADDED from src\main\AndroidManifest.xml:149:25-68
meta-data#android.app.searchable
ADDED from src\main\AndroidManifest.xml:152:13-153:61
	android:resource
		ADDED from src\main\AndroidManifest.xml:153:24-58
	android:name
		ADDED from src\main\AndroidManifest.xml:152:24-61
activity#com.example.android.supportv7.app.ActionBarUsage
ADDED from src\main\AndroidManifest.xml:157:9-164:20
	android:label
		ADDED from src\main\AndroidManifest.xml:158:17-57
	android:theme
		ADDED from src\main\AndroidManifest.xml:159:17-55
	android:name
		ADDED from src\main\AndroidManifest.xml:157:19-53
activity#com.example.android.supportv7.app.ActionBarDisplayOptions
ADDED from src\main\AndroidManifest.xml:166:9-174:20
	android:label
		ADDED from src\main\AndroidManifest.xml:167:17-67
	android:theme
		ADDED from src\main\AndroidManifest.xml:169:17-55
	android:logo
		ADDED from src\main\AndroidManifest.xml:168:17-61
	android:name
		ADDED from src\main\AndroidManifest.xml:166:19-62
activity#com.example.android.supportv7.app.ActionBarTabs
ADDED from src\main\AndroidManifest.xml:176:9-183:20
	android:label
		ADDED from src\main\AndroidManifest.xml:177:17-56
	android:theme
		ADDED from src\main\AndroidManifest.xml:178:17-52
	android:name
		ADDED from src\main\AndroidManifest.xml:176:19-52
activity#com.example.android.supportv7.app.ActionBarSettingsActionProviderActivity
ADDED from src\main\AndroidManifest.xml:185:9-192:20
	android:label
		ADDED from src\main\AndroidManifest.xml:186:17-76
	android:theme
		ADDED from src\main\AndroidManifest.xml:187:17-75
	android:name
		ADDED from src\main\AndroidManifest.xml:185:19-78
activity#com.example.android.supportv7.app.ActionBarShareActionProvider
ADDED from src\main\AndroidManifest.xml:194:9-201:20
	android:label
		ADDED from src\main\AndroidManifest.xml:195:19-75
	android:theme
		ADDED from src\main\AndroidManifest.xml:196:19-77
	android:name
		ADDED from src\main\AndroidManifest.xml:194:19-67
activity#com.example.android.supportv7.app.ActionBarFragmentMenu
ADDED from src\main\AndroidManifest.xml:203:9-210:20
	android:label
		ADDED from src\main\AndroidManifest.xml:204:17-65
	android:theme
		ADDED from src\main\AndroidManifest.xml:205:17-55
	android:name
		ADDED from src\main\AndroidManifest.xml:203:19-60
activity#com.example.android.supportv7.app.ActionBarPreferences
ADDED from src\main\AndroidManifest.xml:212:9-219:20
	android:label
		ADDED from src\main\AndroidManifest.xml:213:19-65
	android:theme
		ADDED from src\main\AndroidManifest.xml:214:19-57
	android:name
		ADDED from src\main\AndroidManifest.xml:212:19-59
activity#com.example.android.supportv7.app.ActionBarActionMode
ADDED from src\main\AndroidManifest.xml:221:9-228:20
	android:label
		ADDED from src\main\AndroidManifest.xml:222:19-65
	android:theme
		ADDED from src\main\AndroidManifest.xml:223:19-54
	android:name
		ADDED from src\main\AndroidManifest.xml:221:19-58
activity#com.example.android.supportv7.app.ActionBarHideOnScroll
ADDED from src\main\AndroidManifest.xml:230:9-237:20
	android:label
		ADDED from src\main\AndroidManifest.xml:231:19-65
	android:theme
		ADDED from src\main\AndroidManifest.xml:232:19-77
	android:name
		ADDED from src\main\AndroidManifest.xml:230:19-60
activity#com.example.android.supportv7.app.AppCompatWidgetsButtons
ADDED from src\main\AndroidManifest.xml:239:9-246:20
	android:label
		ADDED from src\main\AndroidManifest.xml:240:19-68
	android:theme
		ADDED from src\main\AndroidManifest.xml:241:19-77
	android:name
		ADDED from src\main\AndroidManifest.xml:239:19-62
activity#com.example.android.supportv7.app.AppCompatWidgetsSpinners
ADDED from src\main\AndroidManifest.xml:248:9-255:20
	android:label
		ADDED from src\main\AndroidManifest.xml:249:19-69
	android:theme
		ADDED from src\main\AndroidManifest.xml:250:19-77
	android:name
		ADDED from src\main\AndroidManifest.xml:248:19-63
activity#com.example.android.supportv7.app.AppCompatWidgetsTextInput
ADDED from src\main\AndroidManifest.xml:257:9-264:20
	android:label
		ADDED from src\main\AndroidManifest.xml:258:19-71
	android:theme
		ADDED from src\main\AndroidManifest.xml:259:19-77
	android:name
		ADDED from src\main\AndroidManifest.xml:257:19-64
activity#com.example.android.supportv7.app.ToolbarUsage
ADDED from src\main\AndroidManifest.xml:266:9-277:20
	android:label
		ADDED from src\main\AndroidManifest.xml:267:19-56
	android:theme
		ADDED from src\main\AndroidManifest.xml:268:19-66
	android:name
		ADDED from src\main\AndroidManifest.xml:266:19-51
meta-data#android.app.default_searchable
ADDED from src\main\AndroidManifest.xml:274:13-276:59
	android:value
		ADDED from src\main\AndroidManifest.xml:276:21-56
	android:name
		ADDED from src\main\AndroidManifest.xml:275:21-66
activity#com.example.android.supportv7.app.ToolbarDisplayOptions
ADDED from src\main\AndroidManifest.xml:279:9-286:20
	android:label
		ADDED from src\main\AndroidManifest.xml:280:19-66
	android:theme
		ADDED from src\main\AndroidManifest.xml:281:19-75
	android:name
		ADDED from src\main\AndroidManifest.xml:279:19-60
activity#com.example.android.supportv7.app.ToolbarFragmentPagerMenu
ADDED from src\main\AndroidManifest.xml:288:9-295:20
	android:label
		ADDED from src\main\AndroidManifest.xml:289:19-65
	android:theme
		ADDED from src\main\AndroidManifest.xml:290:19-75
	android:name
		ADDED from src\main\AndroidManifest.xml:288:19-63
activity#com.example.android.supportv7.app.ToolbarActionMode
ADDED from src\main\AndroidManifest.xml:297:9-304:20
	android:label
		ADDED from src\main\AndroidManifest.xml:298:19-62
	android:theme
		ADDED from src\main\AndroidManifest.xml:299:19-75
	android:name
		ADDED from src\main\AndroidManifest.xml:297:19-56
activity#com.example.android.supportv7.app.DialogUsage
ADDED from src\main\AndroidManifest.xml:306:9-313:20
	android:label
		ADDED from src\main\AndroidManifest.xml:307:19-55
	android:theme
		ADDED from src\main\AndroidManifest.xml:308:19-63
	android:name
		ADDED from src\main\AndroidManifest.xml:306:19-50
activity#com.example.android.supportv7.app.AlertDialogUsage
ADDED from src\main\AndroidManifest.xml:315:9-322:20
	android:label
		ADDED from src\main\AndroidManifest.xml:316:19-61
	android:theme
		ADDED from src\main\AndroidManifest.xml:317:19-63
	android:name
		ADDED from src\main\AndroidManifest.xml:315:19-55
activity#com.example.android.supportv7.app.DialogFragmentUsage
ADDED from src\main\AndroidManifest.xml:324:9-331:20
	android:label
		ADDED from src\main\AndroidManifest.xml:325:19-63
	android:theme
		ADDED from src\main\AndroidManifest.xml:326:19-63
	android:name
		ADDED from src\main\AndroidManifest.xml:324:19-58
activity#com.example.android.supportv7.app.AppCompatNightModeActivity
ADDED from src\main\AndroidManifest.xml:333:9-340:20
	android:label
		ADDED from src\main\AndroidManifest.xml:334:19-68
	android:theme
		ADDED from src\main\AndroidManifest.xml:335:19-66
	android:name
		ADDED from src\main\AndroidManifest.xml:333:19-65
activity#com.example.android.supportv7.app.AppCompatNightModeDialog
ADDED from src\main\AndroidManifest.xml:342:9-349:20
	android:label
		ADDED from src\main\AndroidManifest.xml:343:19-66
	android:theme
		ADDED from src\main\AndroidManifest.xml:344:19-57
	android:name
		ADDED from src\main\AndroidManifest.xml:342:19-63
activity#com.example.android.supportv7.app.AppCompatNightModeAlertDialog
ADDED from src\main\AndroidManifest.xml:351:9-358:20
	android:label
		ADDED from src\main\AndroidManifest.xml:352:19-71
	android:theme
		ADDED from src\main\AndroidManifest.xml:353:19-57
	android:name
		ADDED from src\main\AndroidManifest.xml:351:19-68
activity#com.example.android.supportv7.app.AppCompatAnimatedVector
ADDED from src\main\AndroidManifest.xml:360:9-367:20
	android:label
		ADDED from src\main\AndroidManifest.xml:361:19-65
	android:theme
		ADDED from src\main\AndroidManifest.xml:362:19-63
	android:name
		ADDED from src\main\AndroidManifest.xml:360:19-62
provider#com.example.android.supportv7.app.RecentSuggestionsProvider
ADDED from src\main\AndroidManifest.xml:369:9-370:99
	android:authorities
		ADDED from src\main\AndroidManifest.xml:370:19-96
	android:name
		ADDED from src\main\AndroidManifest.xml:369:19-64
activity#com.example.android.supportv7.widget.RecyclerViewActivity
ADDED from src\main\AndroidManifest.xml:373:9-380:20
	android:label
		ADDED from src\main\AndroidManifest.xml:374:19-56
	android:theme
		ADDED from src\main\AndroidManifest.xml:375:19-57
	android:name
		ADDED from src\main\AndroidManifest.xml:373:19-62
activity#com.example.android.supportv7.widget.AnimatedRecyclerView
ADDED from src\main\AndroidManifest.xml:382:9-389:20
	android:label
		ADDED from src\main\AndroidManifest.xml:383:19-65
	android:theme
		ADDED from src\main\AndroidManifest.xml:384:19-57
	android:name
		ADDED from src\main\AndroidManifest.xml:382:19-62
activity#com.example.android.supportv7.widget.LinearLayoutManagerActivity
ADDED from src\main\AndroidManifest.xml:391:9-398:20
	android:label
		ADDED from src\main\AndroidManifest.xml:392:19-64
	android:theme
		ADDED from src\main\AndroidManifest.xml:393:19-57
	android:name
		ADDED from src\main\AndroidManifest.xml:391:19-69
activity#com.example.android.supportv7.util.SortedListActivity
ADDED from src\main\AndroidManifest.xml:400:9-408:20
	android:label
		ADDED from src\main\AndroidManifest.xml:401:19-63
	android:windowSoftInputMode
		ADDED from src\main\AndroidManifest.xml:402:19-61
	android:theme
		ADDED from src\main\AndroidManifest.xml:403:19-57
	android:name
		ADDED from src\main\AndroidManifest.xml:400:19-58
activity#com.example.android.supportv7.widget.GridLayoutManagerActivity
ADDED from src\main\AndroidManifest.xml:410:9-417:20
	android:label
		ADDED from src\main\AndroidManifest.xml:411:19-62
	android:theme
		ADDED from src\main\AndroidManifest.xml:412:19-57
	android:name
		ADDED from src\main\AndroidManifest.xml:410:19-67
activity#com.example.android.supportv7.widget.StaggeredGridLayoutManagerActivity
ADDED from src\main\AndroidManifest.xml:419:9-426:20
	android:label
		ADDED from src\main\AndroidManifest.xml:420:19-72
	android:theme
		ADDED from src\main\AndroidManifest.xml:421:19-57
	android:name
		ADDED from src\main\AndroidManifest.xml:419:19-76
activity#com.example.android.supportv7.widget.AsyncListUtilActivity
ADDED from src\main\AndroidManifest.xml:428:9-435:20
	android:label
		ADDED from src\main\AndroidManifest.xml:429:19-58
	android:theme
		ADDED from src\main\AndroidManifest.xml:430:19-57
	android:name
		ADDED from src\main\AndroidManifest.xml:428:19-63
activity#com.example.android.supportv7.view.CardViewActivity
ADDED from src\main\AndroidManifest.xml:437:9-444:20
	android:label
		ADDED from src\main\AndroidManifest.xml:438:19-52
	android:theme
		ADDED from src\main\AndroidManifest.xml:439:19-57
	android:name
		ADDED from src\main\AndroidManifest.xml:437:19-56
activity#com.example.android.supportv7.graphics.PaletteActivity
ADDED from src\main\AndroidManifest.xml:446:9-453:20
	android:label
		ADDED from src\main\AndroidManifest.xml:447:19-50
	android:theme
		ADDED from src\main\AndroidManifest.xml:448:19-57
	android:name
		ADDED from src\main\AndroidManifest.xml:446:19-59
activity#com.example.android.supportv7.graphics.PaletteDetailActivity
ADDED from src\main\AndroidManifest.xml:455:9-457:60
	android:label
		ADDED from src\main\AndroidManifest.xml:456:19-50
	android:theme
		ADDED from src\main\AndroidManifest.xml:457:19-57
	android:name
		ADDED from src\main\AndroidManifest.xml:455:19-65
activity#com.example.android.supportv7.widget.touch.SwipeToDismissActivity
ADDED from src\main\AndroidManifest.xml:460:9-466:20
	android:label
		ADDED from src\main\AndroidManifest.xml:461:19-68
	android:name
		ADDED from src\main\AndroidManifest.xml:460:19-70
activity#com.example.android.supportv7.widget.touch.DragAndDropActivity
ADDED from src\main\AndroidManifest.xml:467:9-473:20
	android:label
		ADDED from src\main\AndroidManifest.xml:468:19-65
	android:name
		ADDED from src\main\AndroidManifest.xml:467:19-67
activity#com.example.android.supportv7.widget.DrawerLayoutActivity
ADDED from src\main\AndroidManifest.xml:476:9-483:20
	android:label
		ADDED from src\main\AndroidManifest.xml:477:19-65
	android:theme
		ADDED from src\main\AndroidManifest.xml:478:19-66
	android:name
		ADDED from src\main\AndroidManifest.xml:476:19-62
activity#com.example.android.supportv7.widget.ListPopupWindowActivity
ADDED from src\main\AndroidManifest.xml:486:9-493:20
	android:label
		ADDED from src\main\AndroidManifest.xml:487:19-69
	android:theme
		ADDED from src\main\AndroidManifest.xml:488:19-63
	android:name
		ADDED from src\main\AndroidManifest.xml:486:19-65
activity#com.example.android.supportv7.widget.PopupMenuActivity
ADDED from src\main\AndroidManifest.xml:496:9-503:20
	android:label
		ADDED from src\main\AndroidManifest.xml:497:19-62
	android:theme
		ADDED from src\main\AndroidManifest.xml:498:19-63
	android:name
		ADDED from src\main\AndroidManifest.xml:496:19-59